This file contains any messages produced by compilers while
running configure, to aid debugging if configure makes a mistake.

It was created by nanomsg configure , which was
generated by GNU Autoconf 2.68.  Invocation command line was

  $ ./configure --enable-shared=no --no-create --no-recursion

## --------- ##
## Platform. ##
## --------- ##

hostname = vijay-mathew
uname -m = i686
uname -r = 3.2.0-58-generic-pae
uname -s = Linux
uname -v = #88-Ubuntu SMP Tue Dec 3 18:00:02 UTC 2013

/usr/bin/uname -p = unknown
/bin/uname -X     = unknown

/bin/arch              = unknown
/usr/bin/arch -k       = unknown
/usr/convex/getsysinfo = unknown
/usr/bin/hostinfo      = unknown
/bin/machine           = unknown
/usr/bin/oslevel       = unknown
/bin/universe          = unknown

PATH: /home/vijay/.opam/4.01.0/bin
PATH: /home/vijay/perl5/bin
PATH: /home/vijay/Programs/flex_sdk_4.6/bin
PATH: /usr/local/Gambit-C/bin
PATH: /home/vijay/Programs/grails-1.3.8/bin
PATH: /home/vijay/Programs/cappuccino/bin
PATH: /home/vijay/Programs/go/bin
PATH: /home/vijay/Programs/cappuccino/bin
PATH: /usr/lib/lightdm/lightdm
PATH: /usr/local/sbin
PATH: /usr/local/bin
PATH: /usr/sbin
PATH: /usr/bin
PATH: /sbin
PATH: /bin
PATH: /usr/games


## ----------- ##
## Core tests. ##
## ----------- ##

configure:2262: checking for a BSD-compatible install
configure:2330: result: /usr/bin/install -c
configure:2341: checking whether build environment is sane
configure:2391: result: yes
configure:2532: checking for a thread-safe mkdir -p
configure:2571: result: /bin/mkdir -p
configure:2584: checking for gawk
configure:2600: found /usr/bin/gawk
configure:2611: result: gawk
configure:2622: checking whether make sets $(MAKE)
configure:2644: result: yes
configure:2719: checking how to create a ustar tar archive
configure:2732: tar --version
tar (GNU tar) 1.26
Copyright (C) 2011 Free Software Foundation, Inc.
License GPLv3+: GNU GPL version 3 or later <http://gnu.org/licenses/gpl.html>.
This is free software: you are free to change and redistribute it.
There is NO WARRANTY, to the extent permitted by law.

Written by John Gilmore and Jay Fenlason.
configure:2735: $? = 0
configure:2775: tardir=conftest.dir && eval tar --format=ustar -chf - "$tardir" >conftest.tar
configure:2778: $? = 0
configure:2782: tar -xf - <conftest.tar
configure:2785: $? = 0
configure:2798: result: gnutar
configure:2817: checking whether make supports nested variables
configure:2834: result: yes
configure:2851: checking build system type
configure:2865: result: i686-pc-linux-gnu
configure:2885: checking host system type
configure:2898: result: i686-pc-linux-gnu
configure:2923: checking for a sed that does not truncate output
configure:2987: result: /bin/sed
configure:2996: checking for gawk
configure:3023: result: gawk
configure:3043: nanomsg package version: 
configure:3045: nanomsg ABI version: 0.1.0
configure:3064: checking for style of include used by make
configure:3092: result: GNU
configure:3163: checking for gcc
configure:3179: found /usr/bin/gcc
configure:3190: result: gcc
configure:3419: checking for C compiler version
configure:3428: gcc --version >&5
gcc (Ubuntu/Linaro 4.6.3-1ubuntu5) 4.6.3
Copyright (C) 2011 Free Software Foundation, Inc.
This is free software; see the source for copying conditions.  There is NO
warranty; not even for MERCHANTABILITY or FITNESS FOR A PARTICULAR PURPOSE.

configure:3439: $? = 0
configure:3428: gcc -v >&5
Using built-in specs.
COLLECT_GCC=gcc
COLLECT_LTO_WRAPPER=/usr/lib/gcc/i686-linux-gnu/4.6/lto-wrapper
Target: i686-linux-gnu
Configured with: ../src/configure -v --with-pkgversion='Ubuntu/Linaro 4.6.3-1ubuntu5' --with-bugurl=file:///usr/share/doc/gcc-4.6/README.Bugs --enable-languages=c,c++,fortran,objc,obj-c++ --prefix=/usr --program-suffix=-4.6 --enable-shared --enable-linker-build-id --with-system-zlib --libexecdir=/usr/lib --without-included-gettext --enable-threads=posix --with-gxx-include-dir=/usr/include/c++/4.6 --libdir=/usr/lib --enable-nls --with-sysroot=/ --enable-clocale=gnu --enable-libstdcxx-debug --enable-libstdcxx-time=yes --enable-gnu-unique-object --enable-plugin --enable-objc-gc --enable-targets=all --disable-werror --with-arch-32=i686 --with-tune=generic --enable-checking=release --build=i686-linux-gnu --host=i686-linux-gnu --target=i686-linux-gnu
Thread model: posix
gcc version 4.6.3 (Ubuntu/Linaro 4.6.3-1ubuntu5) 
configure:3439: $? = 0
configure:3428: gcc -V >&5
gcc: error: unrecognized option '-V'
gcc: fatal error: no input files
compilation terminated.
configure:3439: $? = 4
configure:3428: gcc -qversion >&5
gcc: error: unrecognized option '-qversion'
gcc: fatal error: no input files
compilation terminated.
configure:3439: $? = 4
configure:3459: checking whether the C compiler works
configure:3481: gcc    conftest.c  >&5
configure:3485: $? = 0
configure:3533: result: yes
configure:3536: checking for C compiler default output file name
configure:3538: result: a.out
configure:3544: checking for suffix of executables
configure:3551: gcc -o conftest    conftest.c  >&5
configure:3555: $? = 0
configure:3577: result: 
configure:3599: checking whether we are cross compiling
configure:3607: gcc -o conftest    conftest.c  >&5
configure:3611: $? = 0
configure:3618: ./conftest
configure:3622: $? = 0
configure:3637: result: no
configure:3642: checking for suffix of object files
configure:3664: gcc -c   conftest.c >&5
configure:3668: $? = 0
configure:3689: result: o
configure:3693: checking whether we are using the GNU C compiler
configure:3712: gcc -c   conftest.c >&5
configure:3712: $? = 0
configure:3721: result: yes
configure:3730: checking whether gcc accepts -g
configure:3750: gcc -c -g  conftest.c >&5
configure:3750: $? = 0
configure:3791: result: yes
configure:3808: checking for gcc option to accept ISO C89
configure:3872: gcc  -c -g -O2  conftest.c >&5
configure:3872: $? = 0
configure:3885: result: none needed
configure:3907: checking dependency style of gcc
configure:4018: result: gcc3
configure:4033: checking for gcc option to accept ISO C99
configure:4182: gcc  -c -g -O2  conftest.c >&5
conftest.c:61:29: error: expected ';', ',' or ')' before 'text'
conftest.c: In function 'main':
conftest.c:115:18: error: expected '=', ',', ';', 'asm' or '__attribute__' before 'newvar'
conftest.c:115:18: error: 'newvar' undeclared (first use in this function)
conftest.c:115:18: note: each undeclared identifier is reported only once for each function it appears in
conftest.c:125:3: error: 'for' loop initial declarations are only allowed in C99 mode
conftest.c:125:3: note: use option -std=c99 or -std=gnu99 to compile your code
configure:4182: $? = 1
configure: failed program was:
| /* confdefs.h */
| #define PACKAGE_NAME "nanomsg"
| #define PACKAGE_TARNAME "nanomsg"
| #define PACKAGE_VERSION ""
| #define PACKAGE_STRING "nanomsg "
| #define PACKAGE_BUGREPORT "nanomsg@freelists.org"
| #define PACKAGE_URL "http://nanomsg.org/"
| #define PACKAGE "nanomsg"
| #define VERSION ""
| /* end confdefs.h.  */
| #include <stdarg.h>
| #include <stdbool.h>
| #include <stdlib.h>
| #include <wchar.h>
| #include <stdio.h>
| 
| // Check varargs macros.  These examples are taken from C99 6.10.3.5.
| #define debug(...) fprintf (stderr, __VA_ARGS__)
| #define showlist(...) puts (#__VA_ARGS__)
| #define report(test,...) ((test) ? puts (#test) : printf (__VA_ARGS__))
| static void
| test_varargs_macros (void)
| {
|   int x = 1234;
|   int y = 5678;
|   debug ("Flag");
|   debug ("X = %d\n", x);
|   showlist (The first, second, and third items.);
|   report (x>y, "x is %d but y is %d", x, y);
| }
| 
| // Check long long types.
| #define BIG64 18446744073709551615ull
| #define BIG32 4294967295ul
| #define BIG_OK (BIG64 / BIG32 == 4294967297ull && BIG64 % BIG32 == 0)
| #if !BIG_OK
|   your preprocessor is broken;
| #endif
| #if BIG_OK
| #else
|   your preprocessor is broken;
| #endif
| static long long int bignum = -9223372036854775807LL;
| static unsigned long long int ubignum = BIG64;
| 
| struct incomplete_array
| {
|   int datasize;
|   double data[];
| };
| 
| struct named_init {
|   int number;
|   const wchar_t *name;
|   double average;
| };
| 
| typedef const char *ccp;
| 
| static inline int
| test_restrict (ccp restrict text)
| {
|   // See if C++-style comments work.
|   // Iterate through items via the restricted pointer.
|   // Also check for declarations in for loops.
|   for (unsigned int i = 0; *(text+i) != '\0'; ++i)
|     continue;
|   return 0;
| }
| 
| // Check varargs and va_copy.
| static void
| test_varargs (const char *format, ...)
| {
|   va_list args;
|   va_start (args, format);
|   va_list args_copy;
|   va_copy (args_copy, args);
| 
|   const char *str;
|   int number;
|   float fnumber;
| 
|   while (*format)
|     {
|       switch (*format++)
| 	{
| 	case 's': // string
| 	  str = va_arg (args_copy, const char *);
| 	  break;
| 	case 'd': // int
| 	  number = va_arg (args_copy, int);
| 	  break;
| 	case 'f': // float
| 	  fnumber = va_arg (args_copy, double);
| 	  break;
| 	default:
| 	  break;
| 	}
|     }
|   va_end (args_copy);
|   va_end (args);
| }
| 
| int
| main ()
| {
| 
|   // Check bool.
|   _Bool success = false;
| 
|   // Check restrict.
|   if (test_restrict ("String literal") == 0)
|     success = true;
|   char *restrict newvar = "Another string";
| 
|   // Check varargs.
|   test_varargs ("s, d' f .", "string", 65, 34.234);
|   test_varargs_macros ();
| 
|   // Check flexible array members.
|   struct incomplete_array *ia =
|     malloc (sizeof (struct incomplete_array) + (sizeof (double) * 10));
|   ia->datasize = 10;
|   for (int i = 0; i < ia->datasize; ++i)
|     ia->data[i] = i * 1.234;
| 
|   // Check named initializers.
|   struct named_init ni = {
|     .number = 34,
|     .name = L"Test wide string",
|     .average = 543.34343,
|   };
| 
|   ni.number = 58;
| 
|   int dynamic_array[ni.number];
|   dynamic_array[ni.number - 1] = 543;
| 
|   // work around unused variable warnings
|   return (!success || bignum == 0LL || ubignum == 0uLL || newvar[0] == 'x'
| 	  || dynamic_array[ni.number - 1] != 543);
| 
|   ;
|   return 0;
| }
configure:4182: gcc -std=gnu99 -c -g -O2  conftest.c >&5
configure:4182: $? = 0
configure:4202: result: -std=gnu99
configure:4211: checking whether gcc -std=gnu99 and cc understand -c and -o together
configure:4242: gcc -std=gnu99 -c conftest.c -o conftest2.o >&5
configure:4246: $? = 0
configure:4252: gcc -std=gnu99 -c conftest.c -o conftest2.o >&5
configure:4256: $? = 0
configure:4267: cc -c conftest.c >&5
configure:4271: $? = 0
configure:4279: cc -c conftest.c -o conftest2.o >&5
configure:4283: $? = 0
configure:4289: cc -c conftest.c -o conftest2.o >&5
configure:4293: $? = 0
configure:4311: result: yes
configure:4350: checking whether we are using ICC compiler
configure:4370: gcc -std=gnu99 -c -g -O2  conftest.c >&5
conftest.c: In function 'main':
conftest.c:18:17: error: #error 
configure:4370: $? = 1
configure: failed program was:
| /* confdefs.h */
| #define PACKAGE_NAME "nanomsg"
| #define PACKAGE_TARNAME "nanomsg"
| #define PACKAGE_VERSION ""
| #define PACKAGE_STRING "nanomsg "
| #define PACKAGE_BUGREPORT "nanomsg@freelists.org"
| #define PACKAGE_URL "http://nanomsg.org/"
| #define PACKAGE "nanomsg"
| #define VERSION ""
| #define NN_HAVE_GCC 1
| /* end confdefs.h.  */
| 
| int
| main ()
| {
| 
|             #ifndef __INTEL_COMPILER
|                #error
|             #endif
| 
|   ;
|   return 0;
| }
configure:4378: result: no
configure:4389: checking whether we are using Sun Studio compiler
configure:4409: gcc -std=gnu99 -c -g -O2  conftest.c >&5
conftest.c: In function 'main':
conftest.c:18:18: error: #error 
configure:4409: $? = 1
configure: failed program was:
| /* confdefs.h */
| #define PACKAGE_NAME "nanomsg"
| #define PACKAGE_TARNAME "nanomsg"
| #define PACKAGE_VERSION ""
| #define PACKAGE_STRING "nanomsg "
| #define PACKAGE_BUGREPORT "nanomsg@freelists.org"
| #define PACKAGE_URL "http://nanomsg.org/"
| #define PACKAGE "nanomsg"
| #define VERSION ""
| #define NN_HAVE_GCC 1
| /* end confdefs.h.  */
| 
| int
| main ()
| {
| 
|             #ifndef __SUNPRO_C
|                 #error
|             #endif
| 
|   ;
|   return 0;
| }
configure:4417: result: no
configure:4428: checking whether we are using clang compiler
configure:4448: gcc -std=gnu99 -c -g -O2  conftest.c >&5
conftest.c: In function 'main':
conftest.c:18:18: error: #error 
configure:4448: $? = 1
configure: failed program was:
| /* confdefs.h */
| #define PACKAGE_NAME "nanomsg"
| #define PACKAGE_TARNAME "nanomsg"
| #define PACKAGE_VERSION ""
| #define PACKAGE_STRING "nanomsg "
| #define PACKAGE_BUGREPORT "nanomsg@freelists.org"
| #define PACKAGE_URL "http://nanomsg.org/"
| #define PACKAGE "nanomsg"
| #define VERSION ""
| #define NN_HAVE_GCC 1
| /* end confdefs.h.  */
| 
| int
| main ()
| {
| 
|             #ifndef __clang__
|                 #error
|             #endif
| 
|   ;
|   return 0;
| }
configure:4456: result: no
configure:4467: checking whether we are using HP aCC compiler
configure:4487: gcc -std=gnu99 -c -g -O2  conftest.c >&5
conftest.c: In function 'main':
conftest.c:18:18: error: #error 
configure:4487: $? = 1
configure: failed program was:
| /* confdefs.h */
| #define PACKAGE_NAME "nanomsg"
| #define PACKAGE_TARNAME "nanomsg"
| #define PACKAGE_VERSION ""
| #define PACKAGE_STRING "nanomsg "
| #define PACKAGE_BUGREPORT "nanomsg@freelists.org"
| #define PACKAGE_URL "http://nanomsg.org/"
| #define PACKAGE "nanomsg"
| #define VERSION ""
| #define NN_HAVE_GCC 1
| /* end confdefs.h.  */
| 
| int
| main ()
| {
| 
|             #ifndef __HP_cc
|                 #error
|             #endif
| 
|   ;
|   return 0;
| }
configure:4495: result: no
configure:4665: checking whether ln -s works
configure:4669: result: yes
configure:4993: checking for the pthreads library -lpthreads
configure:5031: gcc -std=gnu99 -o conftest -g -O2    conftest.c -lpthreads  >&5
/usr/bin/ld: cannot find -lpthreads
collect2: ld returned 1 exit status
configure:5031: $? = 1
configure: failed program was:
| /* confdefs.h */
| #define PACKAGE_NAME "nanomsg"
| #define PACKAGE_TARNAME "nanomsg"
| #define PACKAGE_VERSION ""
| #define PACKAGE_STRING "nanomsg "
| #define PACKAGE_BUGREPORT "nanomsg@freelists.org"
| #define PACKAGE_URL "http://nanomsg.org/"
| #define PACKAGE "nanomsg"
| #define VERSION ""
| #define NN_HAVE_GCC 1
| #define NN_HAVE_LINUX 1
| /* end confdefs.h.  */
| #include <pthread.h>
|                         static void routine(void *a) { a = 0; }
|                         static void *start_routine(void *a) { return a; }
| int
| main ()
| {
| pthread_t th; pthread_attr_t attr;
|                         pthread_create(&th, 0, start_routine, 0);
|                         pthread_join(th, 0);
|                         pthread_attr_init(&attr);
|                         pthread_cleanup_push(routine, 0);
|                         pthread_cleanup_pop(0) /* ; */
|   ;
|   return 0;
| }
configure:5040: result: no
configure:4938: checking whether pthreads work without any flags
configure:5031: gcc -std=gnu99 -o conftest -g -O2    conftest.c   >&5
/tmp/cc4e1qGD.o: In function `main':
/home/vijay/Projects/slogan/platform/nanomsg/conftest.c:20: undefined reference to `pthread_create'
/home/vijay/Projects/slogan/platform/nanomsg/conftest.c:21: undefined reference to `pthread_join'
/home/vijay/Projects/slogan/platform/nanomsg/conftest.c:23: undefined reference to `__pthread_register_cancel'
/home/vijay/Projects/slogan/platform/nanomsg/conftest.c:24: undefined reference to `__pthread_unregister_cancel'
collect2: ld returned 1 exit status
configure:5031: $? = 1
configure: failed program was:
| /* confdefs.h */
| #define PACKAGE_NAME "nanomsg"
| #define PACKAGE_TARNAME "nanomsg"
| #define PACKAGE_VERSION ""
| #define PACKAGE_STRING "nanomsg "
| #define PACKAGE_BUGREPORT "nanomsg@freelists.org"
| #define PACKAGE_URL "http://nanomsg.org/"
| #define PACKAGE "nanomsg"
| #define VERSION ""
| #define NN_HAVE_GCC 1
| #define NN_HAVE_LINUX 1
| /* end confdefs.h.  */
| #include <pthread.h>
|                         static void routine(void *a) { a = 0; }
|                         static void *start_routine(void *a) { return a; }
| int
| main ()
| {
| pthread_t th; pthread_attr_t attr;
|                         pthread_create(&th, 0, start_routine, 0);
|                         pthread_join(th, 0);
|                         pthread_attr_init(&attr);
|                         pthread_cleanup_push(routine, 0);
|                         pthread_cleanup_pop(0) /* ; */
|   ;
|   return 0;
| }
configure:5040: result: no
configure:4943: checking whether pthreads work with -Kthread
configure:5031: gcc -std=gnu99 -o conftest -g -O2 -Kthread   conftest.c   >&5
gcc: error: unrecognized option '-Kthread'
configure:5031: $? = 1
configure: failed program was:
| /* confdefs.h */
| #define PACKAGE_NAME "nanomsg"
| #define PACKAGE_TARNAME "nanomsg"
| #define PACKAGE_VERSION ""
| #define PACKAGE_STRING "nanomsg "
| #define PACKAGE_BUGREPORT "nanomsg@freelists.org"
| #define PACKAGE_URL "http://nanomsg.org/"
| #define PACKAGE "nanomsg"
| #define VERSION ""
| #define NN_HAVE_GCC 1
| #define NN_HAVE_LINUX 1
| /* end confdefs.h.  */
| #include <pthread.h>
|                         static void routine(void *a) { a = 0; }
|                         static void *start_routine(void *a) { return a; }
| int
| main ()
| {
| pthread_t th; pthread_attr_t attr;
|                         pthread_create(&th, 0, start_routine, 0);
|                         pthread_join(th, 0);
|                         pthread_attr_init(&attr);
|                         pthread_cleanup_push(routine, 0);
|                         pthread_cleanup_pop(0) /* ; */
|   ;
|   return 0;
| }
configure:5040: result: no
configure:4943: checking whether pthreads work with -kthread
configure:5031: gcc -std=gnu99 -o conftest -g -O2 -kthread   conftest.c   >&5
gcc: error: unrecognized option '-kthread'
configure:5031: $? = 1
configure: failed program was:
| /* confdefs.h */
| #define PACKAGE_NAME "nanomsg"
| #define PACKAGE_TARNAME "nanomsg"
| #define PACKAGE_VERSION ""
| #define PACKAGE_STRING "nanomsg "
| #define PACKAGE_BUGREPORT "nanomsg@freelists.org"
| #define PACKAGE_URL "http://nanomsg.org/"
| #define PACKAGE "nanomsg"
| #define VERSION ""
| #define NN_HAVE_GCC 1
| #define NN_HAVE_LINUX 1
| /* end confdefs.h.  */
| #include <pthread.h>
|                         static void routine(void *a) { a = 0; }
|                         static void *start_routine(void *a) { return a; }
| int
| main ()
| {
| pthread_t th; pthread_attr_t attr;
|                         pthread_create(&th, 0, start_routine, 0);
|                         pthread_join(th, 0);
|                         pthread_attr_init(&attr);
|                         pthread_cleanup_push(routine, 0);
|                         pthread_cleanup_pop(0) /* ; */
|   ;
|   return 0;
| }
configure:5040: result: no
configure:4993: checking for the pthreads library -llthread
configure:5031: gcc -std=gnu99 -o conftest -g -O2    conftest.c -llthread  >&5
/usr/bin/ld: cannot find -llthread
collect2: ld returned 1 exit status
configure:5031: $? = 1
configure: failed program was:
| /* confdefs.h */
| #define PACKAGE_NAME "nanomsg"
| #define PACKAGE_TARNAME "nanomsg"
| #define PACKAGE_VERSION ""
| #define PACKAGE_STRING "nanomsg "
| #define PACKAGE_BUGREPORT "nanomsg@freelists.org"
| #define PACKAGE_URL "http://nanomsg.org/"
| #define PACKAGE "nanomsg"
| #define VERSION ""
| #define NN_HAVE_GCC 1
| #define NN_HAVE_LINUX 1
| /* end confdefs.h.  */
| #include <pthread.h>
|                         static void routine(void *a) { a = 0; }
|                         static void *start_routine(void *a) { return a; }
| int
| main ()
| {
| pthread_t th; pthread_attr_t attr;
|                         pthread_create(&th, 0, start_routine, 0);
|                         pthread_join(th, 0);
|                         pthread_attr_init(&attr);
|                         pthread_cleanup_push(routine, 0);
|                         pthread_cleanup_pop(0) /* ; */
|   ;
|   return 0;
| }
configure:5040: result: no
configure:4943: checking whether pthreads work with -pthread
configure:5031: gcc -std=gnu99 -o conftest -g -O2 -pthread   conftest.c   >&5
configure:5031: $? = 0
configure:5040: result: yes
configure:5059: checking for joinable pthread attribute
configure:5074: gcc -std=gnu99 -o conftest -g -O2 -pthread   conftest.c   >&5
configure:5074: $? = 0
configure:5080: result: PTHREAD_CREATE_JOINABLE
configure:5090: checking if more special flags are required for pthreads
configure:5104: result: no
configure:5110: checking for PTHREAD_PRIO_INHERIT
configure:5128: gcc -std=gnu99 -o conftest -g -O2 -pthread   conftest.c   >&5
conftest.c: In function 'main':
conftest.c:18:9: error: 'PTHREAD_PRIO_INHERIT' undeclared (first use in this function)
conftest.c:18:9: note: each undeclared identifier is reported only once for each function it appears in
configure:5128: $? = 1
configure: failed program was:
| /* confdefs.h */
| #define PACKAGE_NAME "nanomsg"
| #define PACKAGE_TARNAME "nanomsg"
| #define PACKAGE_VERSION ""
| #define PACKAGE_STRING "nanomsg "
| #define PACKAGE_BUGREPORT "nanomsg@freelists.org"
| #define PACKAGE_URL "http://nanomsg.org/"
| #define PACKAGE "nanomsg"
| #define VERSION ""
| #define NN_HAVE_GCC 1
| #define NN_HAVE_LINUX 1
| /* end confdefs.h.  */
| 
|                     #include <pthread.h>
| int
| main ()
| {
| int i = PTHREAD_PRIO_INHERIT;
|   ;
|   return 0;
| }
configure:5137: result: no
configure:5244: checking how to run the C preprocessor
configure:5275: gcc -std=gnu99 -E  conftest.c
configure:5275: $? = 0
configure:5289: gcc -std=gnu99 -E  conftest.c
conftest.c:13:28: fatal error: ac_nonexistent.h: No such file or directory
compilation terminated.
configure:5289: $? = 1
configure: failed program was:
| /* confdefs.h */
| #define PACKAGE_NAME "nanomsg"
| #define PACKAGE_TARNAME "nanomsg"
| #define PACKAGE_VERSION ""
| #define PACKAGE_STRING "nanomsg "
| #define PACKAGE_BUGREPORT "nanomsg@freelists.org"
| #define PACKAGE_URL "http://nanomsg.org/"
| #define PACKAGE "nanomsg"
| #define VERSION ""
| #define NN_HAVE_GCC 1
| #define NN_HAVE_LINUX 1
| /* end confdefs.h.  */
| #include <ac_nonexistent.h>
configure:5314: result: gcc -std=gnu99 -E
configure:5334: gcc -std=gnu99 -E  conftest.c
configure:5334: $? = 0
configure:5348: gcc -std=gnu99 -E  conftest.c
conftest.c:13:28: fatal error: ac_nonexistent.h: No such file or directory
compilation terminated.
configure:5348: $? = 1
configure: failed program was:
| /* confdefs.h */
| #define PACKAGE_NAME "nanomsg"
| #define PACKAGE_TARNAME "nanomsg"
| #define PACKAGE_VERSION ""
| #define PACKAGE_STRING "nanomsg "
| #define PACKAGE_BUGREPORT "nanomsg@freelists.org"
| #define PACKAGE_URL "http://nanomsg.org/"
| #define PACKAGE "nanomsg"
| #define VERSION ""
| #define NN_HAVE_GCC 1
| #define NN_HAVE_LINUX 1
| /* end confdefs.h.  */
| #include <ac_nonexistent.h>
configure:5377: checking for grep that handles long lines and -e
configure:5435: result: /bin/grep
configure:5440: checking for egrep
configure:5502: result: /bin/grep -E
configure:5507: checking for ANSI C header files
configure:5527: gcc -std=gnu99 -c -g -O2 -pthread  conftest.c >&5
configure:5527: $? = 0
configure:5600: gcc -std=gnu99 -o conftest -g -O2 -pthread   conftest.c   >&5
configure:5600: $? = 0
configure:5600: ./conftest
configure:5600: $? = 0
configure:5611: result: yes
configure:5624: checking for sys/types.h
configure:5624: gcc -std=gnu99 -c -g -O2 -pthread  conftest.c >&5
configure:5624: $? = 0
configure:5624: result: yes
configure:5624: checking for sys/stat.h
configure:5624: gcc -std=gnu99 -c -g -O2 -pthread  conftest.c >&5
configure:5624: $? = 0
configure:5624: result: yes
configure:5624: checking for stdlib.h
configure:5624: gcc -std=gnu99 -c -g -O2 -pthread  conftest.c >&5
configure:5624: $? = 0
configure:5624: result: yes
configure:5624: checking for string.h
configure:5624: gcc -std=gnu99 -c -g -O2 -pthread  conftest.c >&5
configure:5624: $? = 0
configure:5624: result: yes
configure:5624: checking for memory.h
configure:5624: gcc -std=gnu99 -c -g -O2 -pthread  conftest.c >&5
configure:5624: $? = 0
configure:5624: result: yes
configure:5624: checking for strings.h
configure:5624: gcc -std=gnu99 -c -g -O2 -pthread  conftest.c >&5
configure:5624: $? = 0
configure:5624: result: yes
configure:5624: checking for inttypes.h
configure:5624: gcc -std=gnu99 -c -g -O2 -pthread  conftest.c >&5
configure:5624: $? = 0
configure:5624: result: yes
configure:5624: checking for stdint.h
configure:5624: gcc -std=gnu99 -c -g -O2 -pthread  conftest.c >&5
configure:5624: $? = 0
configure:5624: result: yes
configure:5624: checking for unistd.h
configure:5624: gcc -std=gnu99 -c -g -O2 -pthread  conftest.c >&5
configure:5624: $? = 0
configure:5624: result: yes
configure:5638: checking netinet/in.h usability
configure:5638: gcc -std=gnu99 -c -g -O2 -pthread  conftest.c >&5
configure:5638: $? = 0
configure:5638: result: yes
configure:5638: checking netinet/in.h presence
configure:5638: gcc -std=gnu99 -E  conftest.c
configure:5638: $? = 0
configure:5638: result: yes
configure:5638: checking for netinet/in.h
configure:5638: result: yes
configure:5650: checking netdb.h usability
configure:5650: gcc -std=gnu99 -c -g -O2 -pthread  conftest.c >&5
configure:5650: $? = 0
configure:5650: result: yes
configure:5650: checking netdb.h presence
configure:5650: gcc -std=gnu99 -E  conftest.c
configure:5650: $? = 0
configure:5650: result: yes
configure:5650: checking for netdb.h
configure:5650: result: yes
configure:5662: checking arpa/inet.h usability
configure:5662: gcc -std=gnu99 -c -g -O2 -pthread  conftest.c >&5
configure:5662: $? = 0
configure:5662: result: yes
configure:5662: checking arpa/inet.h presence
configure:5662: gcc -std=gnu99 -E  conftest.c
configure:5662: $? = 0
configure:5662: result: yes
configure:5662: checking for arpa/inet.h
configure:5662: result: yes
configure:5674: checking for unistd.h
configure:5674: result: yes
configure:5686: checking sys/socket.h usability
configure:5686: gcc -std=gnu99 -c -g -O2 -pthread  conftest.c >&5
configure:5686: $? = 0
configure:5686: result: yes
configure:5686: checking sys/socket.h presence
configure:5686: gcc -std=gnu99 -E  conftest.c
configure:5686: $? = 0
configure:5686: result: yes
configure:5686: checking for sys/socket.h
configure:5686: result: yes
configure:5698: checking sys/ioctl.h usability
configure:5698: gcc -std=gnu99 -c -g -O2 -pthread  conftest.c >&5
configure:5698: $? = 0
configure:5698: result: yes
configure:5698: checking sys/ioctl.h presence
configure:5698: gcc -std=gnu99 -E  conftest.c
configure:5698: $? = 0
configure:5698: result: yes
configure:5698: checking for sys/ioctl.h
configure:5698: result: yes
configure:5711: checking for eventfd
configure:5711: gcc -std=gnu99 -o conftest -g -O2 -pthread   conftest.c   >&5
configure:5711: $? = 0
configure:5711: result: yes
configure:5723: checking for pipe
configure:5723: gcc -std=gnu99 -o conftest -g -O2 -pthread   conftest.c   >&5
configure:5723: $? = 0
configure:5723: result: yes
configure:5735: checking for pipe2
configure:5735: gcc -std=gnu99 -o conftest -g -O2 -pthread   conftest.c   >&5
configure:5735: $? = 0
configure:5735: result: yes
configure:5750: checking for gethrtime
configure:5750: gcc -std=gnu99 -o conftest -g -O2 -pthread  -D_GNU_SOURCE  conftest.c   >&5
/tmp/ccUH5rgJ.o: In function `main':
/home/vijay/Projects/slogan/platform/nanomsg/conftest.c:69: undefined reference to `gethrtime'
collect2: ld returned 1 exit status
configure:5750: $? = 1
configure: failed program was:
| /* confdefs.h */
| #define PACKAGE_NAME "nanomsg"
| #define PACKAGE_TARNAME "nanomsg"
| #define PACKAGE_VERSION ""
| #define PACKAGE_STRING "nanomsg "
| #define PACKAGE_BUGREPORT "nanomsg@freelists.org"
| #define PACKAGE_URL "http://nanomsg.org/"
| #define PACKAGE "nanomsg"
| #define VERSION ""
| #define NN_HAVE_GCC 1
| #define NN_HAVE_LINUX 1
| #define STDC_HEADERS 1
| #define HAVE_SYS_TYPES_H 1
| #define HAVE_SYS_STAT_H 1
| #define HAVE_STDLIB_H 1
| #define HAVE_STRING_H 1
| #define HAVE_MEMORY_H 1
| #define HAVE_STRINGS_H 1
| #define HAVE_INTTYPES_H 1
| #define HAVE_STDINT_H 1
| #define HAVE_UNISTD_H 1
| #define HAVE_NETINET_IN_H 1
| #define HAVE_NETDB_H 1
| #define HAVE_ARPA_INET_H 1
| #define HAVE_UNISTD_H 1
| #define HAVE_SYS_SOCKET_H 1
| #define HAVE_SYS_IOCTL_H 1
| #define HAVE_EVENTFD 1
| #define NN_HAVE_EVENTFD 1
| #define HAVE_PIPE 1
| #define NN_HAVE_PIPE 1
| #define HAVE_PIPE2 1
| #define NN_HAVE_PIPE2 1
| /* end confdefs.h.  */
| /* Define gethrtime to an innocuous variant, in case <limits.h> declares gethrtime.
|    For example, HP-UX 11i <limits.h> declares gettimeofday.  */
| #define gethrtime innocuous_gethrtime
| 
| /* System header to define __stub macros and hopefully few prototypes,
|     which can conflict with char gethrtime (); below.
|     Prefer <limits.h> to <assert.h> if __STDC__ is defined, since
|     <limits.h> exists even on freestanding compilers.  */
| 
| #ifdef __STDC__
| # include <limits.h>
| #else
| # include <assert.h>
| #endif
| 
| #undef gethrtime
| 
| /* Override any GCC internal prototype to avoid an error.
|    Use char because int might match the return type of a GCC
|    builtin and then its argument prototype would still apply.  */
| #ifdef __cplusplus
| extern "C"
| #endif
| char gethrtime ();
| /* The GNU C library defines this for functions which it implements
|     to always fail with ENOSYS.  Some functions are actually named
|     something starting with __ and the normal name is an alias.  */
| #if defined __stub_gethrtime || defined __stub___gethrtime
| choke me
| #endif
| 
| int
| main ()
| {
| return gethrtime ();
|   ;
|   return 0;
| }
configure:5750: result: no
configure:5762: checking for clock_gettime
configure:5762: gcc -std=gnu99 -o conftest -g -O2 -pthread  -D_GNU_SOURCE  conftest.c   >&5
/tmp/cc4SRLCM.o: In function `main':
/home/vijay/Projects/slogan/platform/nanomsg/conftest.c:69: undefined reference to `clock_gettime'
collect2: ld returned 1 exit status
configure:5762: $? = 1
configure: failed program was:
| /* confdefs.h */
| #define PACKAGE_NAME "nanomsg"
| #define PACKAGE_TARNAME "nanomsg"
| #define PACKAGE_VERSION ""
| #define PACKAGE_STRING "nanomsg "
| #define PACKAGE_BUGREPORT "nanomsg@freelists.org"
| #define PACKAGE_URL "http://nanomsg.org/"
| #define PACKAGE "nanomsg"
| #define VERSION ""
| #define NN_HAVE_GCC 1
| #define NN_HAVE_LINUX 1
| #define STDC_HEADERS 1
| #define HAVE_SYS_TYPES_H 1
| #define HAVE_SYS_STAT_H 1
| #define HAVE_STDLIB_H 1
| #define HAVE_STRING_H 1
| #define HAVE_MEMORY_H 1
| #define HAVE_STRINGS_H 1
| #define HAVE_INTTYPES_H 1
| #define HAVE_STDINT_H 1
| #define HAVE_UNISTD_H 1
| #define HAVE_NETINET_IN_H 1
| #define HAVE_NETDB_H 1
| #define HAVE_ARPA_INET_H 1
| #define HAVE_UNISTD_H 1
| #define HAVE_SYS_SOCKET_H 1
| #define HAVE_SYS_IOCTL_H 1
| #define HAVE_EVENTFD 1
| #define NN_HAVE_EVENTFD 1
| #define HAVE_PIPE 1
| #define NN_HAVE_PIPE 1
| #define HAVE_PIPE2 1
| #define NN_HAVE_PIPE2 1
| /* end confdefs.h.  */
| /* Define clock_gettime to an innocuous variant, in case <limits.h> declares clock_gettime.
|    For example, HP-UX 11i <limits.h> declares gettimeofday.  */
| #define clock_gettime innocuous_clock_gettime
| 
| /* System header to define __stub macros and hopefully few prototypes,
|     which can conflict with char clock_gettime (); below.
|     Prefer <limits.h> to <assert.h> if __STDC__ is defined, since
|     <limits.h> exists even on freestanding compilers.  */
| 
| #ifdef __STDC__
| # include <limits.h>
| #else
| # include <assert.h>
| #endif
| 
| #undef clock_gettime
| 
| /* Override any GCC internal prototype to avoid an error.
|    Use char because int might match the return type of a GCC
|    builtin and then its argument prototype would still apply.  */
| #ifdef __cplusplus
| extern "C"
| #endif
| char clock_gettime ();
| /* The GNU C library defines this for functions which it implements
|     to always fail with ENOSYS.  Some functions are actually named
|     something starting with __ and the normal name is an alias.  */
| #if defined __stub_clock_gettime || defined __stub___clock_gettime
| choke me
| #endif
| 
| int
| main ()
| {
| return clock_gettime ();
|   ;
|   return 0;
| }
configure:5762: result: no
configure:5789: checking for poll
configure:5789: gcc -std=gnu99 -o conftest -g -O2 -pthread  -D_GNU_SOURCE  conftest.c   >&5
configure:5789: $? = 0
configure:5789: result: yes
configure:5802: checking for epoll_create
configure:5802: gcc -std=gnu99 -o conftest -g -O2 -pthread  -D_GNU_SOURCE  conftest.c   >&5
configure:5802: $? = 0
configure:5802: result: yes
configure:5835: checking for getifaddrs
configure:5835: gcc -std=gnu99 -o conftest -g -O2 -pthread  -D_GNU_SOURCE  conftest.c   >&5
configure:5835: $? = 0
configure:5835: result: yes
configure:5870: checking for accept4
configure:5870: gcc -std=gnu99 -o conftest -g -O2 -pthread  -D_GNU_SOURCE  conftest.c   >&5
configure:5870: $? = 0
configure:5870: result: yes
configure:5883: checking for library containing getaddrinfo_a
configure:5914: gcc -std=gnu99 -o conftest -g -O2 -pthread  -D_GNU_SOURCE -D_GNU_SOURCE  conftest.c   >&5
/tmp/ccgLDaMZ.o: In function `main':
/home/vijay/Projects/slogan/platform/nanomsg/conftest.c:54: undefined reference to `getaddrinfo_a'
collect2: ld returned 1 exit status
configure:5914: $? = 1
configure: failed program was:
| /* confdefs.h */
| #define PACKAGE_NAME "nanomsg"
| #define PACKAGE_TARNAME "nanomsg"
| #define PACKAGE_VERSION ""
| #define PACKAGE_STRING "nanomsg "
| #define PACKAGE_BUGREPORT "nanomsg@freelists.org"
| #define PACKAGE_URL "http://nanomsg.org/"
| #define PACKAGE "nanomsg"
| #define VERSION ""
| #define NN_HAVE_GCC 1
| #define NN_HAVE_LINUX 1
| #define STDC_HEADERS 1
| #define HAVE_SYS_TYPES_H 1
| #define HAVE_SYS_STAT_H 1
| #define HAVE_STDLIB_H 1
| #define HAVE_STRING_H 1
| #define HAVE_MEMORY_H 1
| #define HAVE_STRINGS_H 1
| #define HAVE_INTTYPES_H 1
| #define HAVE_STDINT_H 1
| #define HAVE_UNISTD_H 1
| #define HAVE_NETINET_IN_H 1
| #define HAVE_NETDB_H 1
| #define HAVE_ARPA_INET_H 1
| #define HAVE_UNISTD_H 1
| #define HAVE_SYS_SOCKET_H 1
| #define HAVE_SYS_IOCTL_H 1
| #define HAVE_EVENTFD 1
| #define NN_HAVE_EVENTFD 1
| #define HAVE_PIPE 1
| #define NN_HAVE_PIPE 1
| #define HAVE_PIPE2 1
| #define NN_HAVE_PIPE2 1
| #define HAVE_POLL 1
| #define NN_HAVE_POLL 1
| #define HAVE_EPOLL_CREATE 1
| #define NN_USE_EPOLL 1
| #define HAVE_GETIFADDRS 1
| #define NN_USE_IFADDRS 1
| #define HAVE_ACCEPT4 1
| #define NN_HAVE_ACCEPT4 1
| /* end confdefs.h.  */
| 
| /* Override any GCC internal prototype to avoid an error.
|    Use char because int might match the return type of a GCC
|    builtin and then its argument prototype would still apply.  */
| #ifdef __cplusplus
| extern "C"
| #endif
| char getaddrinfo_a ();
| int
| main ()
| {
| return getaddrinfo_a ();
|   ;
|   return 0;
| }
configure:5914: gcc -std=gnu99 -o conftest -g -O2 -pthread  -D_GNU_SOURCE -D_GNU_SOURCE  conftest.c -lanl    >&5
configure:5914: $? = 0
configure:5931: result: -lanl
configure:5943: checking for library containing socketpair
configure:5974: gcc -std=gnu99 -o conftest -g -O2 -pthread  -D_GNU_SOURCE -D_GNU_SOURCE -D_GNU_SOURCE  conftest.c -lanl   >&5
configure:5974: $? = 0
configure:5991: result: none required
configure:6002: checking for library containing sem_wait
configure:6033: gcc -std=gnu99 -o conftest -g -O2 -pthread  -D_GNU_SOURCE -D_GNU_SOURCE -D_GNU_SOURCE  conftest.c -lanl   >&5
configure:6033: $? = 0
configure:6050: result: none required
configure:6082: gcc -std=gnu99 -o conftest -g -O2 -pthread  -D_GNU_SOURCE -D_GNU_SOURCE -D_GNU_SOURCE  conftest.c -lanl   >&5
configure:6082: $? = 0
configure:6102: gcc -std=gnu99 -c -g -O2 -pthread  -D_GNU_SOURCE -D_GNU_SOURCE -D_GNU_SOURCE conftest.c >&5
conftest.c:47:20: fatal error: atomic.h: No such file or directory
compilation terminated.
configure:6102: $? = 1
configure: failed program was:
| /* confdefs.h */
| #define PACKAGE_NAME "nanomsg"
| #define PACKAGE_TARNAME "nanomsg"
| #define PACKAGE_VERSION ""
| #define PACKAGE_STRING "nanomsg "
| #define PACKAGE_BUGREPORT "nanomsg@freelists.org"
| #define PACKAGE_URL "http://nanomsg.org/"
| #define PACKAGE "nanomsg"
| #define VERSION ""
| #define NN_HAVE_GCC 1
| #define NN_HAVE_LINUX 1
| #define STDC_HEADERS 1
| #define HAVE_SYS_TYPES_H 1
| #define HAVE_SYS_STAT_H 1
| #define HAVE_STDLIB_H 1
| #define HAVE_STRING_H 1
| #define HAVE_MEMORY_H 1
| #define HAVE_STRINGS_H 1
| #define HAVE_INTTYPES_H 1
| #define HAVE_STDINT_H 1
| #define HAVE_UNISTD_H 1
| #define HAVE_NETINET_IN_H 1
| #define HAVE_NETDB_H 1
| #define HAVE_ARPA_INET_H 1
| #define HAVE_UNISTD_H 1
| #define HAVE_SYS_SOCKET_H 1
| #define HAVE_SYS_IOCTL_H 1
| #define HAVE_EVENTFD 1
| #define NN_HAVE_EVENTFD 1
| #define HAVE_PIPE 1
| #define NN_HAVE_PIPE 1
| #define HAVE_PIPE2 1
| #define NN_HAVE_PIPE2 1
| #define HAVE_POLL 1
| #define NN_HAVE_POLL 1
| #define HAVE_EPOLL_CREATE 1
| #define NN_USE_EPOLL 1
| #define HAVE_GETIFADDRS 1
| #define NN_USE_IFADDRS 1
| #define HAVE_ACCEPT4 1
| #define NN_HAVE_ACCEPT4 1
| #define NN_HAVE_GETADDRINFO_A 1
| #define NN_HAVE_SOCKETPAIR 1
| #define NN_HAVE_SEMAPHORE 1
| #define NN_HAVE_GCC_ATOMIC_BUILTINS 1
| /* end confdefs.h.  */
| #include <atomic.h>
| int
| main ()
| {
| uint32_t value; atomic_cas_32 (&value, 0, 0); return 0;
|   ;
|   return 0;
| }
configure:6181: checking how to print strings
configure:6208: result: printf
configure:6229: checking for a sed that does not truncate output
configure:6293: result: /bin/sed
configure:6311: checking for fgrep
configure:6373: result: /bin/grep -F
configure:6408: checking for ld used by gcc -std=gnu99
configure:6475: result: /usr/bin/ld
configure:6482: checking if the linker (/usr/bin/ld) is GNU ld
configure:6497: result: yes
configure:6509: checking for BSD- or MS-compatible name lister (nm)
configure:6558: result: /usr/bin/nm -B
configure:6688: checking the name lister (/usr/bin/nm -B) interface
configure:6695: gcc -std=gnu99 -c -g -O2 -pthread  -D_GNU_SOURCE -D_GNU_SOURCE -D_GNU_SOURCE conftest.c >&5
configure:6698: /usr/bin/nm -B "conftest.o"
configure:6701: output
00000000 B some_variable
configure:6708: result: BSD nm
configure:6712: checking the maximum length of command line arguments
configure:6842: result: 805306365
configure:6859: checking whether the shell understands some XSI constructs
configure:6869: result: yes
configure:6873: checking whether the shell understands "+="
configure:6879: result: yes
configure:6914: checking how to convert i686-pc-linux-gnu file names to i686-pc-linux-gnu format
configure:6954: result: func_convert_file_noop
configure:6961: checking how to convert i686-pc-linux-gnu file names to toolchain format
configure:6981: result: func_convert_file_noop
configure:6988: checking for /usr/bin/ld option to reload object files
configure:6995: result: -r
configure:7069: checking for objdump
configure:7085: found /usr/bin/objdump
configure:7096: result: objdump
configure:7128: checking how to recognize dependent libraries
configure:7330: result: pass_all
configure:7415: checking for dlltool
configure:7445: result: no
configure:7475: checking how to associate runtime and link libraries
configure:7502: result: printf %s\n
configure:7562: checking for ar
configure:7578: found /usr/bin/ar
configure:7589: result: ar
configure:7626: checking for archiver @FILE support
configure:7643: gcc -std=gnu99 -c -g -O2 -pthread  -D_GNU_SOURCE -D_GNU_SOURCE -D_GNU_SOURCE conftest.c >&5
configure:7643: $? = 0
configure:7646: ar cru libconftest.a @conftest.lst >&5
configure:7649: $? = 0
configure:7654: ar cru libconftest.a @conftest.lst >&5
ar: conftest.o: No such file or directory
configure:7657: $? = 1
configure:7669: result: @
configure:7727: checking for strip
configure:7743: found /usr/bin/strip
configure:7754: result: strip
configure:7826: checking for ranlib
configure:7842: found /usr/bin/ranlib
configure:7853: result: ranlib
configure:7955: checking command to parse /usr/bin/nm -B output from gcc -std=gnu99 object
configure:8075: gcc -std=gnu99 -c -g -O2 -pthread  -D_GNU_SOURCE -D_GNU_SOURCE -D_GNU_SOURCE conftest.c >&5
configure:8078: $? = 0
configure:8082: /usr/bin/nm -B conftest.o \| sed -n -e 's/^.*[ ]\([ABCDGIRSTW][ABCDGIRSTW]*\)[ ][ ]*\([_A-Za-z][_A-Za-z0-9]*\)$/\1 \2 \2/p' | sed '/ __gnu_lto/d' \> conftest.nm
configure:8085: $? = 0
configure:8151: gcc -std=gnu99 -o conftest -g -O2 -pthread  -D_GNU_SOURCE -D_GNU_SOURCE -D_GNU_SOURCE  conftest.c conftstm.o >&5
configure:8154: $? = 0
configure:8192: result: ok
configure:8229: checking for sysroot
configure:8259: result: no
configure:8515: checking for mt
configure:8531: found /bin/mt
configure:8542: result: mt
configure:8565: checking if mt is a manifest tool
configure:8571: mt '-?'
configure:8579: result: no
configure:9218: checking for dlfcn.h
configure:9218: gcc -std=gnu99 -c -g -O2 -pthread  -D_GNU_SOURCE -D_GNU_SOURCE -D_GNU_SOURCE conftest.c >&5
configure:9218: $? = 0
configure:9218: result: yes
configure:9424: checking for objdir
configure:9439: result: .libs
configure:9710: checking if gcc -std=gnu99 supports -fno-rtti -fno-exceptions
configure:9728: gcc -std=gnu99 -c -g -O2 -pthread  -D_GNU_SOURCE -D_GNU_SOURCE -D_GNU_SOURCE -fno-rtti -fno-exceptions conftest.c >&5
cc1: warning: command line option '-fno-rtti' is valid for C++/ObjC++ but not for C [enabled by default]
configure:9732: $? = 0
configure:9745: result: no
configure:10072: checking for gcc -std=gnu99 option to produce PIC
configure:10079: result: -fPIC -DPIC
configure:10087: checking if gcc -std=gnu99 PIC flag -fPIC -DPIC works
configure:10105: gcc -std=gnu99 -c -g -O2 -pthread  -D_GNU_SOURCE -D_GNU_SOURCE -D_GNU_SOURCE -fPIC -DPIC -DPIC conftest.c >&5
configure:10109: $? = 0
configure:10122: result: yes
configure:10151: checking if gcc -std=gnu99 static flag -static works
configure:10179: result: yes
configure:10194: checking if gcc -std=gnu99 supports -c -o file.o
configure:10215: gcc -std=gnu99 -c -g -O2 -pthread  -D_GNU_SOURCE -D_GNU_SOURCE -D_GNU_SOURCE -o out/conftest2.o conftest.c >&5
configure:10219: $? = 0
configure:10241: result: yes
configure:10249: checking if gcc -std=gnu99 supports -c -o file.o
configure:10296: result: yes
configure:10329: checking whether the gcc -std=gnu99 linker (/usr/bin/ld) supports shared libraries
configure:11486: result: yes
configure:11726: checking dynamic linker characteristics
configure:12237: gcc -std=gnu99 -o conftest -g -O2 -pthread  -D_GNU_SOURCE -D_GNU_SOURCE -D_GNU_SOURCE  -Wl,-rpath -Wl,/foo conftest.c -lanl   >&5
configure:12237: $? = 0
configure:12471: result: GNU/Linux ld.so
configure:12578: checking how to hardcode library paths into programs
configure:12603: result: immediate
configure:13143: checking whether stripping libraries is possible
configure:13148: result: yes
configure:13183: checking if libtool supports shared libraries
configure:13185: result: yes
configure:13188: checking whether to build shared libraries
configure:13209: result: no
configure:13212: checking whether to build static libraries
configure:13216: result: yes
configure:13260: checking for bash
configure:13278: found /bin/bash
configure:13290: result: /bin/bash
configure:13298: checking if dolt supports this host
configure:13330: result: yes, replacing libtool
configure:13648: creating ./config.status

## ---------------- ##
## Cache variables. ##
## ---------------- ##

ac_cv_build=i686-pc-linux-gnu
ac_cv_c_compiler_gnu=yes
ac_cv_clang_compiler=no
ac_cv_env_CC_set=
ac_cv_env_CC_value=
ac_cv_env_CFLAGS_set=
ac_cv_env_CFLAGS_value=
ac_cv_env_CPPFLAGS_set=
ac_cv_env_CPPFLAGS_value=
ac_cv_env_CPP_set=
ac_cv_env_CPP_value=
ac_cv_env_LDFLAGS_set=
ac_cv_env_LDFLAGS_value=
ac_cv_env_LIBS_set=
ac_cv_env_LIBS_value=
ac_cv_env_build_alias_set=
ac_cv_env_build_alias_value=
ac_cv_env_host_alias_set=
ac_cv_env_host_alias_value=
ac_cv_env_target_alias_set=
ac_cv_env_target_alias_value=
ac_cv_func_accept4=yes
ac_cv_func_clock_gettime=no
ac_cv_func_epoll_create=yes
ac_cv_func_eventfd=yes
ac_cv_func_gethrtime=no
ac_cv_func_getifaddrs=yes
ac_cv_func_pipe2=yes
ac_cv_func_pipe=yes
ac_cv_func_poll=yes
ac_cv_header_arpa_inet_h=yes
ac_cv_header_dlfcn_h=yes
ac_cv_header_inttypes_h=yes
ac_cv_header_memory_h=yes
ac_cv_header_netdb_h=yes
ac_cv_header_netinet_in_h=yes
ac_cv_header_stdc=yes
ac_cv_header_stdint_h=yes
ac_cv_header_stdlib_h=yes
ac_cv_header_string_h=yes
ac_cv_header_strings_h=yes
ac_cv_header_sys_ioctl_h=yes
ac_cv_header_sys_socket_h=yes
ac_cv_header_sys_stat_h=yes
ac_cv_header_sys_types_h=yes
ac_cv_header_unistd_h=yes
ac_cv_host=i686-pc-linux-gnu
ac_cv_hpacc_compiler=no
ac_cv_icc_compiler=no
ac_cv_objext=o
ac_cv_path_DOLT_BASH=/bin/bash
ac_cv_path_EGREP='/bin/grep -E'
ac_cv_path_FGREP='/bin/grep -F'
ac_cv_path_GREP=/bin/grep
ac_cv_path_SED=/bin/sed
ac_cv_path_install='/usr/bin/install -c'
ac_cv_path_mkdir=/bin/mkdir
ac_cv_prog_AWK=gawk
ac_cv_prog_CPP='gcc -std=gnu99 -E'
ac_cv_prog_ac_ct_AR=ar
ac_cv_prog_ac_ct_CC=gcc
ac_cv_prog_ac_ct_MANIFEST_TOOL=mt
ac_cv_prog_ac_ct_OBJDUMP=objdump
ac_cv_prog_ac_ct_RANLIB=ranlib
ac_cv_prog_ac_ct_STRIP=strip
ac_cv_prog_cc_c89=
ac_cv_prog_cc_c99=-std=gnu99
ac_cv_prog_cc_g=yes
ac_cv_prog_cc_gcc_c_o=yes
ac_cv_prog_make_make_set=yes
ac_cv_search_getaddrinfo_a=-lanl
ac_cv_search_sem_wait='none required'
ac_cv_search_socketpair='none required'
ac_cv_sun_studio_compiler=no
am_cv_CC_dependencies_compiler_type=gcc3
am_cv_make_support_nested_variables=yes
am_cv_prog_tar_ustar=gnutar
ax_cv_PTHREAD_PRIO_INHERIT=no
lt_cv_ar_at_file=@
lt_cv_deplibs_check_method=pass_all
lt_cv_file_magic_cmd='$MAGIC_CMD'
lt_cv_file_magic_test_file=
lt_cv_ld_reload_flag=-r
lt_cv_nm_interface='BSD nm'
lt_cv_objdir=.libs
lt_cv_path_LD=/usr/bin/ld
lt_cv_path_NM='/usr/bin/nm -B'
lt_cv_path_mainfest_tool=no
lt_cv_prog_compiler_c_o=yes
lt_cv_prog_compiler_pic='-fPIC -DPIC'
lt_cv_prog_compiler_pic_works=yes
lt_cv_prog_compiler_rtti_exceptions=no
lt_cv_prog_compiler_static_works=yes
lt_cv_prog_gnu_ld=yes
lt_cv_sharedlib_from_linklib_cmd='printf %s\n'
lt_cv_shlibpath_overrides_runpath=no
lt_cv_sys_global_symbol_pipe='sed -n -e '\''s/^.*[	 ]\([ABCDGIRSTW][ABCDGIRSTW]*\)[	 ][	 ]*\([_A-Za-z][_A-Za-z0-9]*\)$/\1 \2 \2/p'\'' | sed '\''/ __gnu_lto/d'\'''
lt_cv_sys_global_symbol_to_c_name_address='sed -n -e '\''s/^: \([^ ]*\)[ ]*$/  {\"\1\", (void *) 0},/p'\'' -e '\''s/^[ABCDGIRSTW]* \([^ ]*\) \([^ ]*\)$/  {"\2", (void *) \&\2},/p'\'''
lt_cv_sys_global_symbol_to_c_name_address_lib_prefix='sed -n -e '\''s/^: \([^ ]*\)[ ]*$/  {\"\1\", (void *) 0},/p'\'' -e '\''s/^[ABCDGIRSTW]* \([^ ]*\) \(lib[^ ]*\)$/  {"\2", (void *) \&\2},/p'\'' -e '\''s/^[ABCDGIRSTW]* \([^ ]*\) \([^ ]*\)$/  {"lib\2", (void *) \&\2},/p'\'''
lt_cv_sys_global_symbol_to_cdecl='sed -n -e '\''s/^T .* \(.*\)$/extern int \1();/p'\'' -e '\''s/^[ABCDGIRSTW]* .* \(.*\)$/extern char \1;/p'\'''
lt_cv_sys_max_cmd_len=805306365
lt_cv_to_host_file_cmd=func_convert_file_noop
lt_cv_to_tool_file_cmd=func_convert_file_noop

## ----------------- ##
## Output variables. ##
## ----------------- ##

ACLOCAL='${SHELL} /home/vijay/Projects/slogan/platform/nanomsg/missing --run aclocal-1.11'
AMDEPBACKSLASH='\'
AMDEP_FALSE='#'
AMDEP_TRUE=''
AMTAR='$${TAR-tar}'
AM_BACKSLASH='\'
AM_DEFAULT_V='$(AM_DEFAULT_VERBOSITY)'
AM_DEFAULT_VERBOSITY='0'
AM_V='$(V)'
AR='ar'
ASCIIDOC=''
AUTOCONF='${SHELL} /home/vijay/Projects/slogan/platform/nanomsg/missing --run autoconf'
AUTOHEADER='${SHELL} /home/vijay/Projects/slogan/platform/nanomsg/missing --run autoheader'
AUTOMAKE='${SHELL} /home/vijay/Projects/slogan/platform/nanomsg/missing --run automake-1.11'
AWK='gawk'
CC='gcc -std=gnu99'
CCDEPMODE='depmode=gcc3'
CFLAGS='-g -O2 -pthread'
CPP='gcc -std=gnu99 -E'
CPPFLAGS=' -D_GNU_SOURCE -D_GNU_SOURCE -D_GNU_SOURCE'
CYGPATH_W='echo'
DEFS='-DPACKAGE_NAME=\"nanomsg\" -DPACKAGE_TARNAME=\"nanomsg\" -DPACKAGE_VERSION=\"\" -DPACKAGE_STRING=\"nanomsg\ \" -DPACKAGE_BUGREPORT=\"nanomsg@freelists.org\" -DPACKAGE_URL=\"http://nanomsg.org/\" -DPACKAGE=\"nanomsg\" -DVERSION=\"\" -DNN_HAVE_GCC=1 -DNN_HAVE_LINUX=1 -DSTDC_HEADERS=1 -DHAVE_SYS_TYPES_H=1 -DHAVE_SYS_STAT_H=1 -DHAVE_STDLIB_H=1 -DHAVE_STRING_H=1 -DHAVE_MEMORY_H=1 -DHAVE_STRINGS_H=1 -DHAVE_INTTYPES_H=1 -DHAVE_STDINT_H=1 -DHAVE_UNISTD_H=1 -DHAVE_NETINET_IN_H=1 -DHAVE_NETDB_H=1 -DHAVE_ARPA_INET_H=1 -DHAVE_UNISTD_H=1 -DHAVE_SYS_SOCKET_H=1 -DHAVE_SYS_IOCTL_H=1 -DHAVE_EVENTFD=1 -DNN_HAVE_EVENTFD=1 -DHAVE_PIPE=1 -DNN_HAVE_PIPE=1 -DHAVE_PIPE2=1 -DNN_HAVE_PIPE2=1 -DHAVE_POLL=1 -DNN_HAVE_POLL=1 -DHAVE_EPOLL_CREATE=1 -DNN_USE_EPOLL=1 -DHAVE_GETIFADDRS=1 -DNN_USE_IFADDRS=1 -DHAVE_ACCEPT4=1 -DNN_HAVE_ACCEPT4=1 -DNN_HAVE_GETADDRINFO_A=1 -DNN_HAVE_SOCKETPAIR=1 -DNN_HAVE_SEMAPHORE=1 -DNN_HAVE_GCC_ATOMIC_BUILTINS=1 -DNN_USE_EVENTFD=1 -DHAVE_DLFCN_H=1 -DLT_OBJDIR=\".libs/\"'
DEPDIR='.deps'
DLLTOOL='false'
DOC_FALSE=''
DOC_TRUE='#'
DOLT_BASH='/bin/bash'
DOLT_CLEANFILES='doltlibtool doltcompile'
DSYMUTIL=''
DUMPBIN=''
ECHO_C=''
ECHO_N='-n'
ECHO_T=''
EGREP='/bin/grep -E'
EXEEXT=''
FGREP='/bin/grep -F'
GREP='/bin/grep'
INSTALL_DATA='${INSTALL} -m 644'
INSTALL_PROGRAM='${INSTALL}'
INSTALL_SCRIPT='${INSTALL}'
INSTALL_STRIP_PROGRAM='$(install_sh) -c -s'
LD='/usr/bin/ld'
LDFLAGS=''
LIBOBJS=''
LIBS='-lanl  '
LIBTOOL='$(top_builddir)/doltlibtool'
LIPO=''
LN_S='ln -s'
LTCOMPILE='$(top_builddir)/doltcompile $(COMPILE)'
LTCXXCOMPILE='$(top_builddir)/doltcompile $(CXXCOMPILE)'
LTLIBOBJS=''
MAKEINFO='${SHELL} /home/vijay/Projects/slogan/platform/nanomsg/missing --run makeinfo'
MANIFEST_TOOL=':'
MKDIR_P='/bin/mkdir -p'
NANOCAT_FALSE='#'
NANOCAT_TRUE=''
NM='/usr/bin/nm -B'
NMEDIT=''
NN_ABI_VERSION='0.1.0'
NN_LIBTOOL_VERSION='0:1:0'
NN_PACKAGE_VERSION=''
OBJDUMP='objdump'
OBJEXT='o'
OTOOL64=''
OTOOL=''
PACKAGE='nanomsg'
PACKAGE_BUGREPORT='nanomsg@freelists.org'
PACKAGE_NAME='nanomsg'
PACKAGE_STRING='nanomsg '
PACKAGE_TARNAME='nanomsg'
PACKAGE_URL='http://nanomsg.org/'
PACKAGE_VERSION=''
PATH_SEPARATOR=':'
PTHREAD_CC='gcc -std=gnu99'
PTHREAD_CFLAGS='-pthread'
PTHREAD_LIBS=''
RANLIB='ranlib'
SED='/bin/sed'
SET_MAKE=''
SHELL='/bin/bash'
STRIP='strip'
SYMLINKS_FALSE='#'
SYMLINKS_TRUE=''
VERSION=''
XMLTO=''
ac_ct_AR='ar'
ac_ct_CC='gcc'
ac_ct_DUMPBIN=''
am__EXEEXT_FALSE=''
am__EXEEXT_TRUE='#'
am__fastdepCC_FALSE='#'
am__fastdepCC_TRUE=''
am__include='include'
am__isrc=''
am__leading_dot='.'
am__nodep='_no'
am__quote=''
am__tar='tar --format=ustar -chf - "$$tardir"'
am__untar='tar -xf -'
ax_pthread_config=''
bindir='${exec_prefix}/bin'
build='i686-pc-linux-gnu'
build_alias=''
build_cpu='i686'
build_os='linux-gnu'
build_vendor='pc'
datadir='${datarootdir}'
datarootdir='${prefix}/share'
docdir='${datarootdir}/doc/${PACKAGE_TARNAME}'
dvidir='${docdir}'
exec_prefix='${prefix}'
host='i686-pc-linux-gnu'
host_alias=''
host_cpu='i686'
host_os='linux-gnu'
host_vendor='pc'
htmldir='${docdir}'
includedir='${prefix}/include'
infodir='${datarootdir}/info'
install_sh='${SHELL} /home/vijay/Projects/slogan/platform/nanomsg/install-sh'
libdir='${exec_prefix}/lib'
libexecdir='${exec_prefix}/libexec'
localedir='${datarootdir}/locale'
localstatedir='${prefix}/var'
mandir='${datarootdir}/man'
mkdir_p='/bin/mkdir -p'
oldincludedir='/usr/include'
pdfdir='${docdir}'
prefix='/usr/local'
program_transform_name='s,x,x,'
psdir='${docdir}'
sbindir='${exec_prefix}/sbin'
sharedstatedir='${prefix}/com'
sysconfdir='${prefix}/etc'
target_alias=''

## ----------- ##
## confdefs.h. ##
## ----------- ##

/* confdefs.h */
#define PACKAGE_NAME "nanomsg"
#define PACKAGE_TARNAME "nanomsg"
#define PACKAGE_VERSION ""
#define PACKAGE_STRING "nanomsg "
#define PACKAGE_BUGREPORT "nanomsg@freelists.org"
#define PACKAGE_URL "http://nanomsg.org/"
#define PACKAGE "nanomsg"
#define VERSION ""
#define NN_HAVE_GCC 1
#define NN_HAVE_LINUX 1
#define STDC_HEADERS 1
#define HAVE_SYS_TYPES_H 1
#define HAVE_SYS_STAT_H 1
#define HAVE_STDLIB_H 1
#define HAVE_STRING_H 1
#define HAVE_MEMORY_H 1
#define HAVE_STRINGS_H 1
#define HAVE_INTTYPES_H 1
#define HAVE_STDINT_H 1
#define HAVE_UNISTD_H 1
#define HAVE_NETINET_IN_H 1
#define HAVE_NETDB_H 1
#define HAVE_ARPA_INET_H 1
#define HAVE_UNISTD_H 1
#define HAVE_SYS_SOCKET_H 1
#define HAVE_SYS_IOCTL_H 1
#define HAVE_EVENTFD 1
#define NN_HAVE_EVENTFD 1
#define HAVE_PIPE 1
#define NN_HAVE_PIPE 1
#define HAVE_PIPE2 1
#define NN_HAVE_PIPE2 1
#define HAVE_POLL 1
#define NN_HAVE_POLL 1
#define HAVE_EPOLL_CREATE 1
#define NN_USE_EPOLL 1
#define HAVE_GETIFADDRS 1
#define NN_USE_IFADDRS 1
#define HAVE_ACCEPT4 1
#define NN_HAVE_ACCEPT4 1
#define NN_HAVE_GETADDRINFO_A 1
#define NN_HAVE_SOCKETPAIR 1
#define NN_HAVE_SEMAPHORE 1
#define NN_HAVE_GCC_ATOMIC_BUILTINS 1
#define NN_USE_EVENTFD 1
#define HAVE_DLFCN_H 1
#define LT_OBJDIR ".libs/"

configure: exit 0

## ---------------------- ##
## Running config.status. ##
## ---------------------- ##

This file was extended by nanomsg config.status , which was
generated by GNU Autoconf 2.68.  Invocation command line was

  CONFIG_FILES    = 
  CONFIG_HEADERS  = 
  CONFIG_LINKS    = 
  CONFIG_COMMANDS = 
  $ ./config.status 

on vijay-mathew

config.status:1039: creating Makefile
config.status:1039: creating libnanomsg.pc
config.status:1211: executing depfiles commands
config.status:1211: executing libtool commands
